INFO:root:The game begins 2022-09-08 10:04:13.740019
INFO:root:The game begins 2022-09-08 14:54:13.296568
INFO:root:The game begins 2022-09-08 14:55:43.980798
INFO:root:The game begins 2022-09-08 14:56:01.006093
INFO:root:The game begins 2022-09-08 14:58:30.872619
INFO:root:The game begins 2022-09-08 15:05:27.544713
INFO:root:The game begins 2022-09-08 15:05:33.494563
INFO:root:The game begins 2022-09-08 15:06:23.773816
INFO:root:The game begins 2022-09-08 15:07:27.485108
INFO:root:The game begins 2022-09-08 15:08:23.481888
INFO:root:The game begins 2022-09-08 15:14:01.032920
INFO:root:The game begins 2022-09-08 16:06:25.817848
INFO:root:The game begins 2022-09-08 16:06:45.361038
INFO:root:Player goes out and investigates. 2022-09-08 16:07:19.639321
INFO:root:The game begins 2022-09-08 16:07:27.983460
INFO:root:The game begins 2022-09-08 16:07:33.792979
INFO:root:Player goes out and investigates. 2022-09-08 16:07:46.503246
INFO:root:The game begins 2022-09-09 09:25:35.848439
INFO:root:The game begins 2022-09-09 09:26:42.684881
INFO:root:Lesly goes out and investigates. 2022-09-09 09:27:09.156806
INFO:root:Player decides to go left. 2022-09-09 09:27:57.168852
INFO:root:The game begins 2022-09-09 09:32:52.240892
INFO:root:The game begins 2022-09-09 09:35:48.049343
INFO:root:The game begins 2022-09-09 09:36:29.232870
INFO:root:Lesly goes out and investigates. 2022-09-09 09:36:47.117213
INFO:root:Player decides to go left. 2022-09-09 09:37:25.379197
INFO:root:The game begins 2022-09-09 09:38:21.117588
INFO:root:Lesly goes out and investigates. 2022-09-09 09:38:51.896816
INFO:root:Player decides to go left. 2022-09-09 09:39:09.192865
INFO:root:You slowly go into the nearest room to you. You're not sure where you are, but you feel much safer in here. 2022-09-09 09:39:22.892854
INFO:root:Player decides to go right. 2022-09-09 09:48:43.960869
INFO:root:The game begins 2022-09-09 10:48:41.456010
INFO:root:The game begins 2022-09-09 10:48:59.367476
INFO:root:Ash goes out and investigates. 2022-09-09 10:49:11.756804
INFO:root:Ash decides to go left. 2022-09-09 10:49:29.564860
INFO:root:Ash decides to go left. 2022-09-09 10:49:51.896850
INFO:root:The game begins 2022-09-09 10:50:01.905897
INFO:root:Ash goes out and investigates. 2022-09-09 10:50:14.200802
INFO:root:Ash decides to go left. 2022-09-09 10:50:30.688814
INFO:root:Ash slowly go into the nearest room to you. You're not sure where you are, but you feel much safer in here. 2022-09-09 10:50:44.064861
INFO:root:Ash decide to stay put. 2022-09-09 10:51:09.321151
INFO:root:Ash decide to stay put. 2022-09-09 10:51:27.976856
INFO:root:Ash slowly go into the nearest room to you. You're not sure where you are, but you feel much safer in here. 2022-09-09 10:51:44.140862
INFO:root:Ash decides to go right. 2022-09-09 10:52:07.970634
INFO:root:Ash opens the door and go inside. 2022-09-09 10:52:33.300813
